INFO  - spam_application - 2020-05-31 10:42:44,306 - creating an instance of auxiliary_module.Auxiliary
INFO  - spam_application.auxiliary.Auxiliary - 2020-05-31 10:42:44,306 - creating an instance of Auxiliary
INFO  - spam_application - 2020-05-31 10:42:44,306 - created an instance of auxiliary_module.Auxiliary
INFO  - spam_application - 2020-05-31 10:42:44,306 - calling auxiliary_module.Auxiliary.do_something
INFO  - spam_application.auxiliary.Auxiliary - 2020-05-31 10:42:44,306 - doing something
INFO  - spam_application.auxiliary.Auxiliary - 2020-05-31 10:42:44,306 - done doing something
ERROR  - spam_application.auxiliary.Auxiliary - 2020-05-31 10:42:44,306 - done doing something
DEBUG  - spam_application.auxiliary.Auxiliary - 2020-05-31 10:42:44,307 - done doing something
INFO  - spam_application - 2020-05-31 10:42:44,307 - finished auxiliary_module.Auxiliary.do_something
INFO  - spam_application - 2020-05-31 10:42:44,307 - calling auxiliary_module.some_function()
INFO  - spam_application.auxiliary - 2020-05-31 10:42:44,307 - received a call to "some_function"
INFO  - spam_application - 2020-05-31 10:42:44,307 - done with auxiliary_module.some_function()
INFO  - spam_application - 2020-05-31 10:46:47,872 - creating an instance of auxiliary_module.Auxiliary
INFO  - spam_application.auxiliary.Auxiliary - 2020-05-31 10:46:47,872 - creating an instance of Auxiliary
INFO  - spam_application - 2020-05-31 10:46:47,872 - created an instance of auxiliary_module.Auxiliary
INFO  - spam_application - 2020-05-31 10:46:47,872 - calling auxiliary_module.Auxiliary.do_something
INFO  - spam_application.auxiliary.Auxiliary - 2020-05-31 10:46:47,873 - doing something
INFO  - spam_application.auxiliary.Auxiliary - 2020-05-31 10:46:47,873 - done doing something
ERROR  - spam_application.auxiliary.Auxiliary - 2020-05-31 10:46:47,873 - done doing something
DEBUG  - spam_application.auxiliary.Auxiliary - 2020-05-31 10:46:47,873 - done doing something
INFO  - spam_application - 2020-05-31 10:46:47,873 - finished auxiliary_module.Auxiliary.do_something
INFO  - spam_application - 2020-05-31 10:46:47,873 - calling auxiliary_module.some_function()
INFO  - spam_application.auxiliary - 2020-05-31 10:46:47,873 - received a call to some_function
INFO  - spam_application - 2020-05-31 10:46:47,873 - done with auxiliary_module.some_function()
INFO  - spam_application - 2020-05-31 10:49:38,920 - creating an instance of auxiliary_module.Auxiliary
INFO  - spam_application.auxiliary.Auxiliary - 2020-05-31 10:49:38,920 - creating an instance of Auxiliary
INFO  - spam_application - 2020-05-31 10:49:38,920 - created an instance of auxiliary_module.Auxiliary
INFO  - spam_application - 2020-05-31 10:49:38,920 - calling auxiliary_module.Auxiliary.do_something
INFO  - spam_application.auxiliary.Auxiliary - 2020-05-31 10:49:38,920 - doing something
INFO  - spam_application.auxiliary.Auxiliary - 2020-05-31 10:49:38,920 - done doing something
ERROR  - spam_application.auxiliary.Auxiliary - 2020-05-31 10:49:38,920 - error
DEBUG  - spam_application.auxiliary.Auxiliary - 2020-05-31 10:49:38,920 - debug
INFO  - spam_application - 2020-05-31 10:49:38,920 - finished auxiliary_module.Auxiliary.do_something
INFO  - spam_application - 2020-05-31 10:49:38,920 - calling auxiliary_module.some_function()
INFO  - spam_application.auxiliary - 2020-05-31 10:49:38,920 - received a call to some_function
INFO  - spam_application - 2020-05-31 10:49:38,920 - done with auxiliary_module.some_function()
